-------------------------------------------------------------------------------
Test set: com.backend.dev.ControllerTest
-------------------------------------------------------------------------------
Tests run: 9, Failures: 1, Errors: 0, Skipped: 0, Time elapsed: 3.741 s <<< FAILURE! - in com.backend.dev.ControllerTest
updateSuccessTest  Time elapsed: 0.175 s  <<< FAILURE!
java.lang.AssertionError: No value at JSON path "$.id"
	at com.backend.dev.ControllerTest.updateSuccessTest(ControllerTest.java:187)
Caused by: com.jayway.jsonpath.PathNotFoundException: No results for path: $['id']
	at com.backend.dev.ControllerTest.updateSuccessTest(ControllerTest.java:187)

