<?xml version="1.0" encoding="UTF-8"?>
<testsuite xmlns:xsi="http://www.w3.org/2001/XMLSchema-instance" xsi:noNamespaceSchemaLocation="https://maven.apache.org/surefire/maven-surefire-plugin/xsd/surefire-test-report.xsd" name="com.backend.dev.CustomUserDetailsServiceTest" time="1.873" tests="2" errors="0" skipped="0" failures="0">
  <properties>
[...]
</properties>
  <testcase name="test" classname="com.backend.dev.CustomUserDetailsServiceTest" time="0.006"/>
  <testcase name="myClassPublicMethodTest" classname="com.backend.dev.CustomUserDetailsServiceTest" time="0.058"/>
</testsuite>